<?xml version="1.0" encoding="utf-8"?><testsuites name="pytest tests"><testsuite name="pytest" errors="0" failures="0" skipped="9" tests="148" time="40.088" timestamp="2026-09-17T00:37:22.313432-03:00" hostname="localhost"><testcase classname="tests.test_api" name="test_health_and_frontend_are_available" time="0.519" /><testcase classname="tests.test_api" name="test_login_rejects_invalid_password" time="0.486" /><testcase classname="tests.test_api" name="test_authenticated_product_flow_is_tenant_scoped" time="0.366" /><testcase classname="tests.test_api" name="test_duplicate_product_name_returns_conflict" time="0.293" /><testcase classname="tests.test_api" name="test_customer_flow_normalizes_phone_and_checks_permissions" time="0.396" /><testcase classname="tests.test_api" name="test_order_flow_updates_stock_status_and_customer_total" time="0.449" /><testcase classname="tests.test_api" name="test_order_with_insufficient_stock_rolls_back_everything" time="0.328" /><testcase classname="tests.test_api" name="test_customer_and_product_are_isolated_between_organizations" time="0.449" /><testcase classname="tests.test_api" name="test_quote_api_flow_converts_only_once" time="0.350" /><testcase classname="tests.test_api" name="test_expired_quote_cannot_be_approved_or_converted" time="0.373" /><testcase classname="tests.test_api" name="test_quote_api_is_isolated_between_organizations" time="0.407" /><testcase classname="tests.test_api" name="test_only_owner_or_admin_can_delete_quote" time="0.369" /><testcase classname="tests.test_api" name="test_quote_conversion_with_insufficient_stock_returns_conflict" time="0.351" /><testcase classname="tests.test_api" name="test_cancelling_order_twice_restores_stock_only_once" time="0.382" /><testcase classname="tests.test_api" name="test_deleting_order_twice_restores_stock_only_once" time="0.347" /><testcase classname="tests.test_api" name="test_order_update_and_delete_request_row_lock" time="0.382" /><testcase classname="tests.test_api" name="test_order_api_rejects_invalid_status_transitions" time="0.355" /><testcase classname="tests.test_auth_service" name="test_authenticate_returns_user_membership_and_organization" time="0.260" /><testcase classname="tests.test_auth_service" name="test_authenticate_accepts_email_with_spaces_and_different_case" time="0.334" /><testcase classname="tests.test_auth_service" name="test_authenticate_rejects_wrong_password_and_unknown_email" time="0.291" /><testcase classname="tests.test_auth_service" name="test_authenticate_rejects_inactive_user" time="0.225" /><testcase classname="tests.test_auth_service" name="test_authenticate_rejects_user_without_membership" time="0.349" /><testcase classname="tests.test_dependencies" name="test_require_role_allows_owner_and_forbids_member" time="0.382" /><testcase classname="tests.test_dependencies" name="test_get_current_user_rejects_missing_and_invalid_tokens" time="0.192" /><testcase classname="tests.test_dependencies" name="test_get_current_user_returns_authenticated_session" time="0.269" /><testcase classname="tests.test_dependencies" name="test_get_current_user_rejects_token_for_unknown_user" time="0.220" /><testcase classname="tests.test_fiscal_concurrency" name="test_simultaneous_fiscal_creation_has_one_active_document[sqlite]" time="0.693" /><testcase classname="tests.test_fiscal_concurrency" name="test_simultaneous_fiscal_creation_has_one_active_document[postgres]" time="0.001"><skipped type="pytest.skip" message="TEST_POSTGRES_URL não configurada; PostgreSQL não executado">/workspace/scratch/ba485579e248/fiscal-update/gestoria-main/backend/tests/test_fiscal_concurrency.py:30: TEST_POSTGRES_URL não configurada; PostgreSQL não executado</skipped></testcase><testcase classname="tests.test_fiscal_concurrency" name="test_simultaneous_receipts_increment_stock_once[sqlite]" time="0.564" /><testcase classname="tests.test_fiscal_concurrency" name="test_simultaneous_receipts_increment_stock_once[postgres]" time="0.001"><skipped type="pytest.skip" message="TEST_POSTGRES_URL não configurada; PostgreSQL não executado">/workspace/scratch/ba485579e248/fiscal-update/gestoria-main/backend/tests/test_fiscal_concurrency.py:47: TEST_POSTGRES_URL não configurada; PostgreSQL não executado</skipped></testcase><testcase classname="tests.test_fiscal_integrity" name="test_outgoing_snapshots_historical_order_price_and_preserves_inventory" time="0.548" /><testcase classname="tests.test_fiscal_integrity" name="test_outgoing_rejects_client_owned_authoritative_fields[extra0]" time="0.398" /><testcase classname="tests.test_fiscal_integrity" name="test_outgoing_rejects_client_owned_authoritative_fields[extra1]" time="0.409" /><testcase classname="tests.test_fiscal_integrity" name="test_outgoing_rejects_client_owned_authoritative_fields[extra2]" time="0.365" /><testcase classname="tests.test_fiscal_integrity" name="test_outgoing_rejects_client_owned_authoritative_fields[extra3]" time="0.454" /><testcase classname="tests.test_fiscal_integrity" name="test_outgoing_rejects_client_owned_authoritative_fields[extra4]" time="0.394" /><testcase classname="tests.test_fiscal_integrity" name="test_outgoing_rejects_client_owned_authoritative_fields[extra5]" time="0.365" /><testcase classname="tests.test_fiscal_integrity" name="test_outgoing_rejects_client_owned_authoritative_fields[extra6]" time="0.419" /><testcase classname="tests.test_fiscal_integrity" name="test_required_links_and_cancelled_orders" time="0.393" /><testcase classname="tests.test_fiscal_integrity" name="test_one_active_reissue_preserves_cancelled_and_reserves_number" time="0.551" /><testcase classname="tests.test_fiscal_integrity" name="test_rejected_retry_cannot_collide_with_new_active_document" time="0.545" /><testcase classname="tests.test_fiscal_integrity" name="test_external_evidence_and_event_replay" time="0.622" /><testcase classname="tests.test_fiscal_integrity" name="test_tenant_scope_member_and_inactive_membership" time="0.507" /><testcase classname="tests.test_fiscal_integrity" name="test_incoming_receipt_and_cancel_are_atomic_and_idempotent" time="0.474" /><testcase classname="tests.test_fiscal_integrity" name="test_consumed_entry_cannot_cancel_without_inventory_reconciliation" time="0.364" /><testcase classname="tests.test_fiscal_integrity" name="test_incoming_tenant_duplicate_items_and_inactive_supplier" time="0.461" /><testcase classname="tests.test_fiscal_integrity" name="test_legacy_is_preserved_and_requires_explicit_matching_reconciliation" time="0.373" /><testcase classname="tests.test_fiscal_integrity" name="test_legacy_mismatch_does_not_invent_links[mismatch0]" time="0.331" /><testcase classname="tests.test_fiscal_integrity" name="test_legacy_mismatch_does_not_invent_links[mismatch1]" time="0.362" /><testcase classname="tests.test_fiscal_integrity" name="test_legacy_incoming_cannot_duplicate_old_inventory" time="0.305" /><testcase classname="tests.test_fiscal_integrity" name="test_database_rejects_cross_tenant_links_missing_links_and_deletion" time="0.392" /><testcase classname="tests.test_fiscal_integrity" name="test_item_failure_rolls_back_document_and_audit" time="0.355" /><testcase classname="tests.test_fiscal_migration" name="test_online_upgrade_preserves_historical_document" time="0.000"><skipped type="pytest.skip" message="TEST_POSTGRES_URL não configurada; migração online não executada">/workspace/scratch/ba485579e248/fiscal-update/gestoria-main/backend/tests/test_fiscal_migration.py:21: TEST_POSTGRES_URL não configurada; migração online não executada</skipped></testcase><testcase classname="tests.test_fiscal_migration" name="test_online_preflight_aborts_before_schema_changes" time="0.000"><skipped type="pytest.skip" message="TEST_POSTGRES_URL não configurada; migração online não executada">/workspace/scratch/ba485579e248/fiscal-update/gestoria-main/backend/tests/test_fiscal_migration.py:21: TEST_POSTGRES_URL não configurada; migração online não executada</skipped></testcase><testcase classname="tests.test_fiscal_migration" name="test_online_downgrade_protects_new_fiscal_data" time="0.000"><skipped type="pytest.skip" message="TEST_POSTGRES_URL não configurada; migração online não executada">/workspace/scratch/ba485579e248/fiscal-update/gestoria-main/backend/tests/test_fiscal_migration.py:21: TEST_POSTGRES_URL não configurada; migração online não executada</skipped></testcase><testcase classname="tests.test_frontend_paths" name="test_resolve_frontend_dir_finds_project_frontend" time="0.000" /><testcase classname="tests.test_frontend_paths" name="test_resolve_frontend_dir_accepts_parent_of_frontend" time="0.001" /><testcase classname="tests.test_frontend_paths" name="test_resolve_frontend_dir_raises_when_missing" time="0.001" /><testcase classname="tests.test_frontend_paths" name="test_copilot_page_is_served" time="0.210" /><testcase classname="tests.test_models" name="test_product_status_is_derived_from_stock_and_active_flag[False-20-Inativo]" time="0.000" /><testcase classname="tests.test_models" name="test_product_status_is_derived_from_stock_and_active_flag[True-0-Esgotado]" time="0.000" /><testcase classname="tests.test_models" name="test_product_status_is_derived_from_stock_and_active_flag[True-1-Estoque baixo]" time="0.000" /><testcase classname="tests.test_models" name="test_product_status_is_derived_from_stock_and_active_flag[True-5-Estoque baixo]" time="0.000" /><testcase classname="tests.test_models" name="test_product_status_is_derived_from_stock_and_active_flag[True-6-Dispon\xedvel]" time="0.000" /><testcase classname="tests.test_order_concurrency" name="test_simultaneous_confirmations_create_only_one_order[sqlite]" time="0.427" /><testcase classname="tests.test_order_concurrency" name="test_simultaneous_confirmations_create_only_one_order[postgres]" time="0.001"><skipped type="pytest.skip" message="TEST_POSTGRES_URL não configurada; PostgreSQL não executado">/workspace/scratch/ba485579e248/fiscal-update/gestoria-main/backend/tests/test_order_concurrency.py:87: TEST_POSTGRES_URL não configurada; PostgreSQL não executado</skipped></testcase><testcase classname="tests.test_order_concurrency" name="test_concurrent_preparation_reuses_same_operation[sqlite]" time="0.392" /><testcase classname="tests.test_order_concurrency" name="test_concurrent_preparation_reuses_same_operation[postgres]" time="0.001"><skipped type="pytest.skip" message="TEST_POSTGRES_URL não configurada; PostgreSQL não executado">/workspace/scratch/ba485579e248/fiscal-update/gestoria-main/backend/tests/test_order_concurrency.py:120: TEST_POSTGRES_URL não configurada; PostgreSQL não executado</skipped></testcase><testcase classname="tests.test_order_concurrency" name="test_different_orders_cannot_oversell_last_item[sqlite]" time="0.365" /><testcase classname="tests.test_order_concurrency" name="test_different_orders_cannot_oversell_last_item[postgres]" time="0.001"><skipped type="pytest.skip" message="TEST_POSTGRES_URL não configurada; PostgreSQL não executado">/workspace/scratch/ba485579e248/fiscal-update/gestoria-main/backend/tests/test_order_concurrency.py:139: TEST_POSTGRES_URL não configurada; PostgreSQL não executado</skipped></testcase><testcase classname="tests.test_order_protection" name="test_preparation_does_not_write_order_or_change_stock" time="0.315" /><testcase classname="tests.test_order_protection" name="test_confirmation_receipt_and_retry_are_consistent" time="0.366" /><testcase classname="tests.test_order_protection" name="test_tampering_is_rejected_even_if_attacker_recalculates_hash[quantity]" time="0.310" /><testcase classname="tests.test_order_protection" name="test_tampering_is_rejected_even_if_attacker_recalculates_hash[unit_price]" time="0.315" /><testcase classname="tests.test_order_protection" name="test_tampering_is_rejected_even_if_attacker_recalculates_hash[customer_id]" time="0.349" /><testcase classname="tests.test_order_protection" name="test_tampering_is_rejected_even_if_attacker_recalculates_hash[organization_id]" time="0.294" /><testcase classname="tests.test_order_protection" name="test_tampering_is_rejected_even_if_attacker_recalculates_hash[actor_id]" time="0.313" /><testcase classname="tests.test_order_protection" name="test_tampering_is_rejected_even_if_attacker_recalculates_hash[expires_at]" time="0.343" /><testcase classname="tests.test_order_protection" name="test_tampering_is_rejected_even_if_attacker_recalculates_hash[nonce]" time="0.303" /><testcase classname="tests.test_order_protection" name="test_tampering_is_rejected_even_if_attacker_recalculates_hash[action]" time="0.316" /><testcase classname="tests.test_order_protection" name="test_tampering_is_rejected_even_if_attacker_recalculates_hash[signature]" time="0.359" /><testcase classname="tests.test_order_protection" name="test_tampering_is_rejected_even_if_attacker_recalculates_hash[algorithm]" time="0.317" /><testcase classname="tests.test_order_protection" name="test_tampering_is_rejected_even_if_attacker_recalculates_hash[key_id]" time="0.317" /><testcase classname="tests.test_order_protection" name="test_tampering_is_rejected_even_if_attacker_recalculates_hash[input_hash]" time="0.378" /><testcase classname="tests.test_order_protection" name="test_object_key_order_does_not_invalidate_signed_content" time="0.335" /><testcase classname="tests.test_order_protection" name="test_same_key_reuses_proposal_and_changed_body_conflicts" time="0.330" /><testcase classname="tests.test_order_protection" name="test_old_direct_creation_is_closed" time="0.384" /><testcase classname="tests.test_order_protection" name="test_other_actor_or_tenant_cannot_read_confirm_cancel_or_get_receipt[membro@gestoria.dev]" time="0.380" /><testcase classname="tests.test_order_protection" name="test_other_actor_or_tenant_cannot_read_confirm_cancel_or_get_receipt[empresa-b@gestoria.dev]" time="0.398" /><testcase classname="tests.test_order_protection" name="test_expiration_and_successful_retry_after_expiration" time="0.388" /><testcase classname="tests.test_order_protection" name="test_changed_price_requires_new_review" time="0.299" /><testcase classname="tests.test_order_protection" name="test_insufficient_stock_is_rechecked_at_execution" time="0.307" /><testcase classname="tests.test_order_protection" name="test_membership_revocation_blocks_confirmation" time="0.333" /><testcase classname="tests.test_order_protection" name="test_audit_write_failure_rolls_back_order_stock_and_operation" time="0.302" /><testcase classname="tests.test_order_protection" name="test_receipt_tamper_detected_and_deleted_order_not_recreated" time="0.358" /><testcase classname="tests.test_order_protection" name="test_audit_tamper_is_flagged_without_returning_untrusted_document" time="0.385" /><testcase classname="tests.test_order_protection" name="test_key_rotation_accepts_old_proposal_and_signs_receipt_with_new_key" time="0.522" /><testcase classname="tests.test_order_protection" name="test_no_key_fails_closed" time="0.407" /><testcase classname="tests.test_order_protection" name="test_cancel_is_idempotent_and_blocks_execution" time="0.323" /><testcase classname="tests.test_order_protection" name="test_decimal_quantities_match_plan_and_persisted_result" time="0.332" /><testcase classname="tests.test_order_protection" name="test_unknown_fields_and_oversized_item_list_are_rejected" time="0.680" /><testcase classname="tests.test_order_protection" name="test_crypto_uses_domain_separation" time="0.001" /><testcase classname="tests.test_order_protection" name="test_half_cent_rounding_matches_approved_total" time="0.740" /><testcase classname="tests.test_order_protection" name="test_preparation_requires_authentication_and_idempotency_key" time="0.295" /><testcase classname="tests.test_order_protection" name="test_proposal_row_tamper_is_detected" time="0.365" /><testcase classname="tests.test_order_protection" name="test_preparation_audit_failure_does_not_leave_orphan_proposal" time="0.372" /><testcase classname="tests.test_order_service" name="test_create_order_decrements_stock_and_sums_duplicate_items" time="0.205" /><testcase classname="tests.test_order_service" name="test_create_order_raises_when_customer_is_missing_or_inactive" time="0.224" /><testcase classname="tests.test_order_service" name="test_create_order_raises_when_product_is_missing_or_inactive" time="0.246" /><testcase classname="tests.test_order_service" name="test_create_order_rolls_back_when_stock_is_insufficient" time="0.232" /><testcase classname="tests.test_order_service" name="test_update_order_status_restores_and_revalidates_stock" time="0.225" /><testcase classname="tests.test_order_service" name="test_update_order_status_blocks_reactivation_without_stock" time="0.223" /><testcase classname="tests.test_order_service" name="test_delete_order_restores_stock_unless_already_cancelled" time="0.230" /><testcase classname="tests.test_order_service" name="test_cancelling_order_rolls_back_stock_if_status_update_fails" time="0.241" /><testcase classname="tests.test_order_service" name="test_deleting_order_rolls_back_stock_if_deletion_fails" time="0.257" /><testcase classname="tests.test_protection_migration" name="test_full_migration_on_postgres" time="0.000"><skipped type="pytest.skip" message="TEST_POSTGRES_URL não configurada; migrations PostgreSQL não executadas">/workspace/scratch/ba485579e248/fiscal-update/gestoria-main/backend/tests/test_protection_migration.py:16: TEST_POSTGRES_URL não configurada; migrations PostgreSQL não executadas</skipped></testcase><testcase classname="tests.test_quote_service" name="test_pending_quote_cannot_be_converted" time="0.208" /><testcase classname="tests.test_quote_service" name="test_create_quote_freezes_price_without_changing_stock" time="0.221" /><testcase classname="tests.test_quote_service" name="test_quote_conversion_uses_frozen_price" time="0.226" /><testcase classname="tests.test_quote_service" name="test_quote_conversion_rolls_back_if_marking_fails" time="0.260" /><testcase classname="tests.test_quote_service" name="test_quote_cannot_be_converted_twice" time="0.228" /><testcase classname="tests.test_repositories" name="test_user_repository_finds_membership_and_normalizes_email" time="0.486" /><testcase classname="tests.test_repositories" name="test_product_repository_is_scoped_to_organization" time="0.434" /><testcase classname="tests.test_repositories" name="test_customer_repository_aggregates_completed_orders_only" time="0.559" /><testcase classname="tests.test_repositories" name="test_quote_repository_can_lock_quote_for_conversion" time="0.006" /><testcase classname="tests.test_repositories" name="test_order_repository_can_lock_order_for_status_update" time="0.004" /><testcase classname="tests.test_schemas" name="test_normalize_phone_keeps_digits_only[(35) 99999-0000-35999990000]" time="0.000" /><testcase classname="tests.test_schemas" name="test_normalize_phone_keeps_digits_only[35 99999 0000-35999990000]" time="0.000" /><testcase classname="tests.test_schemas" name="test_normalize_phone_keeps_digits_only[35999990000-35999990000]" time="0.000" /><testcase classname="tests.test_schemas" name="test_normalize_phone_keeps_digits_only[5511999998888-5511999998888]" time="0.000" /><testcase classname="tests.test_schemas" name="test_normalize_phone_rejects_invalid_length[123]" time="0.001" /><testcase classname="tests.test_schemas" name="test_normalize_phone_rejects_invalid_length[123456789]" time="0.000" /><testcase classname="tests.test_schemas" name="test_normalize_phone_rejects_invalid_length[1111111111111111]" time="0.000" /><testcase classname="tests.test_schemas" name="test_normalize_phone_rejects_invalid_length[abcdefghij]" time="0.001" /><testcase classname="tests.test_schemas" name="test_customer_create_normalizes_phone_and_strips_name" time="0.000" /><testcase classname="tests.test_schemas" name="test_customer_update_skips_phone_when_omitted" time="0.000" /><testcase classname="tests.test_schemas" name="test_product_create_rejects_negative_price_and_blank_name" time="0.000" /><testcase classname="tests.test_schemas" name="test_order_payload_requires_items_and_positive_quantity" time="0.000" /><testcase classname="tests.test_schemas" name="test_order_status_update_accepts_valid_values[in_preparation]" time="0.003" /><testcase classname="tests.test_schemas" name="test_order_status_update_accepts_valid_values[completed]" time="0.001" /><testcase classname="tests.test_schemas" name="test_order_status_update_accepts_valid_values[cancelled]" time="0.000" /><testcase classname="tests.test_schemas" name="test_order_status_update_rejects_unknown_status" time="0.001" /><testcase classname="tests.test_schemas" name="test_login_request_requires_email_and_minimum_password" time="0.001" /><testcase classname="tests.test_security" name="test_hash_password_verifies_matching_secret" time="0.542" /><testcase classname="tests.test_security" name="test_access_token_roundtrip_keeps_subject_and_organization" time="0.001" /><testcase classname="tests.test_security" name="test_decode_access_token_rejects_tampered_and_expired_tokens" time="0.001" /><testcase classname="tests.test_seed" name="test_slugify_normalizes_name" time="0.000" /><testcase classname="tests.test_seed" name="test_seed_demo_data_is_idempotent" time="0.485" /></testsuite></testsuites>